0 info it worked if it ends with ok
1 verbose cli [ 'C:\\Program Files\\nodejs\\\\node.exe',
1 verbose cli   'C:\\Program Files\\nodejs\\node_modules\\npm\\bin\\npm-cli.js',
1 verbose cli   'install',
1 verbose cli   'XMLHttpRequet' ]
2 info using npm@1.4.28
3 info using node@v0.10.33
4 verbose node symlink C:\Program Files\nodejs\\node.exe
5 verbose cache add [ 'XMLHttpRequet', null ]
6 verbose cache add name=undefined spec="XMLHttpRequet" args=["XMLHttpRequet",null]
7 verbose parsed url { protocol: null,
7 verbose parsed url   slashes: null,
7 verbose parsed url   auth: null,
7 verbose parsed url   host: null,
7 verbose parsed url   port: null,
7 verbose parsed url   hostname: null,
7 verbose parsed url   hash: null,
7 verbose parsed url   search: null,
7 verbose parsed url   query: null,
7 verbose parsed url   pathname: 'XMLHttpRequet',
7 verbose parsed url   path: 'XMLHttpRequet',
7 verbose parsed url   href: 'XMLHttpRequet' }
8 silly lockFile 8838a10d-XMLHttpRequet XMLHttpRequet
9 verbose lock XMLHttpRequet C:\Users\Pierre\AppData\Roaming\npm-cache\8838a10d-XMLHttpRequet.lock
10 silly lockFile 8838a10d-XMLHttpRequet XMLHttpRequet
11 silly lockFile 8838a10d-XMLHttpRequet XMLHttpRequet
12 verbose addNamed [ 'XMLHttpRequet', '' ]
13 verbose addNamed [ null, '*' ]
14 silly lockFile 4d82e48c-XMLHttpRequet XMLHttpRequet@
15 verbose lock XMLHttpRequet@ C:\Users\Pierre\AppData\Roaming\npm-cache\4d82e48c-XMLHttpRequet.lock
16 silly addNameRange { name: 'XMLHttpRequet', range: '*', hasData: false }
17 verbose request where is /XMLHttpRequet
18 verbose request registry https://registry.npmjs.org/
19 verbose request id 5ee3fb044440e874
20 verbose url raw /XMLHttpRequet
21 verbose url resolving [ 'https://registry.npmjs.org/', './XMLHttpRequet' ]
22 verbose url resolved https://registry.npmjs.org/XMLHttpRequet
23 verbose request where is https://registry.npmjs.org/XMLHttpRequet
24 info trying registry request attempt 1 at 17:30:07
25 http GET https://registry.npmjs.org/XMLHttpRequet
26 http 404 https://registry.npmjs.org/XMLHttpRequet
27 verbose headers { server: 'CouchDB/1.5.0 (Erlang OTP/R16B03)',
27 verbose headers   'content-type': 'application/json',
27 verbose headers   'cache-control': 'max-age=0',
27 verbose headers   'content-length': '51',
27 verbose headers   'accept-ranges': 'bytes',
27 verbose headers   date: 'Sat, 16 May 2015 15:30:06 GMT',
27 verbose headers   via: '1.1 varnish',
27 verbose headers   age: '0',
27 verbose headers   connection: 'keep-alive',
27 verbose headers   'x-served-by': 'cache-fra1224-FRA',
27 verbose headers   'x-cache': 'MISS',
27 verbose headers   'x-cache-hits': '0',
27 verbose headers   'x-timer': 'S1431790206.126787,VS0,VE712' }
28 silly registry.get cb [ 404,
28 silly registry.get   { server: 'CouchDB/1.5.0 (Erlang OTP/R16B03)',
28 silly registry.get     'content-type': 'application/json',
28 silly registry.get     'cache-control': 'max-age=0',
28 silly registry.get     'content-length': '51',
28 silly registry.get     'accept-ranges': 'bytes',
28 silly registry.get     date: 'Sat, 16 May 2015 15:30:06 GMT',
28 silly registry.get     via: '1.1 varnish',
28 silly registry.get     age: '0',
28 silly registry.get     connection: 'keep-alive',
28 silly registry.get     'x-served-by': 'cache-fra1224-FRA',
28 silly registry.get     'x-cache': 'MISS',
28 silly registry.get     'x-cache-hits': '0',
28 silly registry.get     'x-timer': 'S1431790206.126787,VS0,VE712' } ]
29 silly lockFile 4d82e48c-XMLHttpRequet XMLHttpRequet@
30 silly lockFile 4d82e48c-XMLHttpRequet XMLHttpRequet@
31 error 404 404 Not Found: XMLHttpRequet
31 error 404
31 error 404 'XMLHttpRequet' is not in the npm registry.
31 error 404 You should bug the author to publish it
31 error 404
31 error 404 Note that you can also install from a
31 error 404 tarball, folder, or http url, or git url.
32 error System Windows_NT 6.2.9200
33 error command "C:\\Program Files\\nodejs\\\\node.exe" "C:\\Program Files\\nodejs\\node_modules\\npm\\bin\\npm-cli.js" "install" "XMLHttpRequet"
34 error cwd C:\Users\Pierre\Desktop\TravailUTT\Semestre P15\LO10\TwitterBot
35 error node -v v0.10.33
36 error npm -v 1.4.28
37 error code E404
38 verbose exit [ 1, true ]
